<?xml version="1.0" encoding="UTF-8"?>
<!-- Generated by org.testng.reporters.JUnitReportReporter -->
<testsuite hostname="unknown" failures="0" tests="1" name="com.github.b3kt.scraper.util.JsoupUtilTest" time="10.991" errors="0" timestamp="2021-10-16T14:58:12 WIB" skipped="0">
  <testcase classname="com.github.b3kt.scraper.util.JsoupUtilTest" name="searchProductTest" time="10.991"/>
  <system-out/>
</testsuite> <!-- com.github.b3kt.scraper.util.JsoupUtilTest -->
