<?xml version="1.0" encoding="UTF-8"?>
<!-- Generated by org.testng.reporters.JUnitReportReporter -->
<testsuite hostname="unknown" failures="0" tests="1" name="com.github.b3kt.scraper.util.CSVUtilTest" time="107.768" errors="0" timestamp="2021-10-16T06:28:01 WIB" skipped="0">
  <testcase classname="com.github.b3kt.scraper.util.CSVUtilTest" name="writeCSVTest" time="107.768"/>
  <system-out/>
</testsuite> <!-- com.github.b3kt.scraper.util.CSVUtilTest -->
